<?xml version="1.0" encoding="UTF-8"?>
<coverage generated="1788921146389" clover="3.2.0">
  <project timestamp="1788921146389" name="All files">
    <metrics statements="82" coveredstatements="65" conditionals="14" coveredconditionals="10" methods="13" coveredmethods="9" elements="109" coveredelements="84" complexity="0" loc="82" ncloc="82" packages="1" files="1" classes="1"/>
    <file name="server.js" path="D:\Project\ngo-service\server.js">
      <metrics statements="82" coveredstatements="65" conditionals="14" coveredconditionals="10" methods="13" coveredmethods="9"/>
      <line num="1" count="1" type="stmt"/>
      <line num="2" count="1" type="stmt"/>
      <line num="3" count="1" type="stmt"/>
      <line num="5" count="1" type="stmt"/>
      <line num="6" count="1" type="cond" truecount="2" falsecount="0"/>
      <line num="7" count="1" type="cond" truecount="2" falsecount="0"/>
      <line num="9" count="1" type="stmt"/>
      <line num="10" count="1" type="stmt"/>
      <line num="13" count="1" type="cond" truecount="1" falsecount="1"/>
      <line num="14" count="0" type="stmt"/>
      <line num="16" count="0" type="stmt"/>
      <line num="17" count="0" type="stmt"/>
      <line num="19" count="0" type="stmt"/>
      <line num="23" count="1" type="stmt"/>
      <line num="33" count="1" type="stmt"/>
      <line num="41" count="1" type="stmt"/>
      <line num="49" count="1" type="stmt"/>
      <line num="50" count="1" type="stmt"/>
      <line num="51" count="1" type="stmt"/>
      <line num="54" count="1" type="stmt"/>
      <line num="55" count="1" type="stmt"/>
      <line num="56" count="1" type="stmt"/>
      <line num="57" count="1" type="stmt"/>
      <line num="59" count="0" type="stmt"/>
      <line num="63" count="1" type="stmt"/>
      <line num="64" count="2" type="stmt"/>
      <line num="65" count="2" type="stmt"/>
      <line num="66" count="2" type="stmt"/>
      <line num="67" count="1" type="stmt"/>
      <line num="69" count="1" type="stmt"/>
      <line num="73" count="1" type="stmt"/>
      <line num="74" count="3" type="stmt"/>
      <line num="75" count="3" type="stmt"/>
      <line num="76" count="3" type="cond" truecount="2" falsecount="0"/>
      <line num="77" count="1" type="stmt"/>
      <line num="79" count="2" type="cond" truecount="2" falsecount="0"/>
      <line num="80" count="1" type="stmt"/>
      <line num="82" count="1" type="stmt"/>
      <line num="83" count="1" type="stmt"/>
      <line num="84" count="1" type="stmt"/>
      <line num="86" count="0" type="stmt"/>
      <line num="90" count="1" type="stmt"/>
      <line num="91" count="1" type="stmt"/>
      <line num="92" count="1" type="stmt"/>
      <line num="93" count="1" type="stmt"/>
      <line num="95" count="0" type="stmt"/>
      <line num="99" count="1" type="stmt"/>
      <line num="100" count="2" type="stmt"/>
      <line num="101" count="2" type="stmt"/>
      <line num="102" count="2" type="stmt"/>
      <line num="103" count="1" type="stmt"/>
      <line num="105" count="1" type="stmt"/>
      <line num="109" count="1" type="stmt"/>
      <line num="110" count="1" type="stmt"/>
      <line num="111" count="1" type="stmt"/>
      <line num="112" count="1" type="stmt"/>
      <line num="114" count="0" type="stmt"/>
      <line num="118" count="1" type="stmt"/>
      <line num="119" count="1" type="stmt"/>
      <line num="120" count="1" type="stmt"/>
      <line num="121" count="1" type="stmt"/>
      <line num="123" count="0" type="stmt"/>
      <line num="127" count="1" type="stmt"/>
      <line num="128" count="2" type="stmt"/>
      <line num="129" count="2" type="stmt"/>
      <line num="133" count="2" type="stmt"/>
      <line num="134" count="1" type="stmt"/>
      <line num="136" count="1" type="stmt"/>
      <line num="140" count="1" type="stmt"/>
      <line num="141" count="1" type="stmt"/>
      <line num="142" count="1" type="stmt"/>
      <line num="147" count="1" type="stmt"/>
      <line num="149" count="0" type="stmt"/>
      <line num="155" count="0" type="stmt"/>
      <line num="156" count="0" type="cond" truecount="0" falsecount="2"/>
      <line num="157" count="0" type="stmt"/>
      <line num="161" count="0" type="stmt"/>
      <line num="165" count="0" type="stmt"/>
      <line num="169" count="1" type="cond" truecount="1" falsecount="1"/>
      <line num="170" count="0" type="stmt"/>
      <line num="171" count="0" type="stmt"/>
      <line num="175" count="1" type="stmt"/>
    </file>
  </project>
</coverage>
