{"D:\\Project\\ngo-service\\server.js": {"path":"D:\\Project\\ngo-service\\server.js","statementMap":{"0":{"start":{"line":1,"column":16},"end":{"line":1,"column":34}},"1":{"start":{"line":2,"column":17},"end":{"line":2,"column":36}},"2":{"start":{"line":3,"column":13},"end":{"line":3,"column":28}},"3":{"start":{"line":5,"column":12},"end":{"line":5,"column":21}},"4":{"start":{"line":6,"column":13},"end":{"line":6,"column":37}},"5":{"start":{"line":7,"column":18},"end":{"line":7,"column":77}},"6":{"start":{"line":9,"column":0},"end":{"line":9,"column":16}},"7":{"start":{"line":10,"column":0},"end":{"line":10,"column":24}},"8":{"start":{"line":13,"column":0},"end":{"line":20,"column":1}},"9":{"start":{"line":14,"column":2},"end":{"line":19,"column":67}},"10":{"start":{"line":16,"column":6},"end":{"line":16,"column":57}},"11":{"start":{"line":17,"column":6},"end":{"line":17,"column":21}},"12":{"start":{"line":19,"column":18},"end":{"line":19,"column":65}},"13":{"start":{"line":23,"column":23},"end":{"line":31,"column":2}},"14":{"start":{"line":33,"column":23},"end":{"line":39,"column":2}},"15":{"start":{"line":41,"column":25},"end":{"line":47,"column":2}},"16":{"start":{"line":49,"column":17},"end":{"line":49,"column":59}},"17":{"start":{"line":50,"column":17},"end":{"line":50,"column":59}},"18":{"start":{"line":51,"column":19},"end":{"line":51,"column":65}},"19":{"start":{"line":54,"column":0},"end":{"line":61,"column":3}},"20":{"start":{"line":55,"column":2},"end":{"line":60,"column":3}},"21":{"start":{"line":56,"column":22},"end":{"line":56,"column":43}},"22":{"start":{"line":57,"column":4},"end":{"line":57,"column":24}},"23":{"start":{"line":59,"column":4},"end":{"line":59,"column":49}},"24":{"start":{"line":63,"column":0},"end":{"line":71,"column":3}},"25":{"start":{"line":64,"column":2},"end":{"line":70,"column":3}},"26":{"start":{"line":65,"column":21},"end":{"line":65,"column":43}},"27":{"start":{"line":66,"column":4},"end":{"line":66,"column":26}},"28":{"start":{"line":67,"column":4},"end":{"line":67,"column":35}},"29":{"start":{"line":69,"column":4},"end":{"line":69,"column":49}},"30":{"start":{"line":73,"column":0},"end":{"line":88,"column":3}},"31":{"start":{"line":74,"column":2},"end":{"line":87,"column":3}},"32":{"start":{"line":75,"column":21},"end":{"line":75,"column":59}},"33":{"start":{"line":76,"column":4},"end":{"line":78,"column":5}},"34":{"start":{"line":77,"column":6},"end":{"line":77,"column":75}},"35":{"start":{"line":79,"column":4},"end":{"line":81,"column":5}},"36":{"start":{"line":80,"column":6},"end":{"line":80,"column":73}},"37":{"start":{"line":82,"column":4},"end":{"line":82,"column":34}},"38":{"start":{"line":83,"column":4},"end":{"line":83,"column":26}},"39":{"start":{"line":84,"column":4},"end":{"line":84,"column":23}},"40":{"start":{"line":86,"column":4},"end":{"line":86,"column":49}},"41":{"start":{"line":90,"column":0},"end":{"line":97,"column":3}},"42":{"start":{"line":91,"column":2},"end":{"line":96,"column":3}},"43":{"start":{"line":92,"column":21},"end":{"line":92,"column":42}},"44":{"start":{"line":93,"column":4},"end":{"line":93,"column":23}},"45":{"start":{"line":95,"column":4},"end":{"line":95,"column":49}},"46":{"start":{"line":99,"column":0},"end":{"line":107,"column":3}},"47":{"start":{"line":100,"column":2},"end":{"line":106,"column":3}},"48":{"start":{"line":101,"column":20},"end":{"line":101,"column":42}},"49":{"start":{"line":102,"column":4},"end":{"line":102,"column":25}},"50":{"start":{"line":103,"column":4},"end":{"line":103,"column":34}},"51":{"start":{"line":105,"column":4},"end":{"line":105,"column":49}},"52":{"start":{"line":109,"column":0},"end":{"line":116,"column":3}},"53":{"start":{"line":110,"column":2},"end":{"line":115,"column":3}},"54":{"start":{"line":111,"column":21},"end":{"line":111,"column":44}},"55":{"start":{"line":112,"column":4},"end":{"line":112,"column":23}},"56":{"start":{"line":114,"column":4},"end":{"line":114,"column":49}},"57":{"start":{"line":118,"column":0},"end":{"line":125,"column":3}},"58":{"start":{"line":119,"column":2},"end":{"line":124,"column":3}},"59":{"start":{"line":120,"column":21},"end":{"line":120,"column":77}},"60":{"start":{"line":121,"column":4},"end":{"line":121,"column":23}},"61":{"start":{"line":123,"column":4},"end":{"line":123,"column":49}},"62":{"start":{"line":127,"column":0},"end":{"line":138,"column":3}},"63":{"start":{"line":128,"column":2},"end":{"line":137,"column":3}},"64":{"start":{"line":129,"column":20},"end":{"line":132,"column":6}},"65":{"start":{"line":133,"column":4},"end":{"line":133,"column":25}},"66":{"start":{"line":134,"column":4},"end":{"line":134,"column":34}},"67":{"start":{"line":136,"column":4},"end":{"line":136,"column":49}},"68":{"start":{"line":140,"column":0},"end":{"line":151,"column":3}},"69":{"start":{"line":141,"column":2},"end":{"line":150,"column":3}},"70":{"start":{"line":142,"column":20},"end":{"line":146,"column":5}},"71":{"start":{"line":147,"column":4},"end":{"line":147,"column":22}},"72":{"start":{"line":149,"column":4},"end":{"line":149,"column":49}},"73":{"start":{"line":155,"column":24},"end":{"line":155,"column":55}},"74":{"start":{"line":156,"column":2},"end":{"line":166,"column":3}},"75":{"start":{"line":157,"column":4},"end":{"line":160,"column":7}},"76":{"start":{"line":161,"column":4},"end":{"line":164,"column":7}},"77":{"start":{"line":165,"column":4},"end":{"line":165,"column":52}},"78":{"start":{"line":169,"column":0},"end":{"line":173,"column":1}},"79":{"start":{"line":170,"column":2},"end":{"line":172,"column":5}},"80":{"start":{"line":171,"column":4},"end":{"line":171,"column":55}},"81":{"start":{"line":175,"column":0},"end":{"line":175,"column":21}}},"fnMap":{"0":{"name":"(anonymous_0)","decl":{"start":{"line":15,"column":10},"end":{"line":15,"column":11}},"loc":{"start":{"line":15,"column":16},"end":{"line":18,"column":5}},"line":15},"1":{"name":"(anonymous_1)","decl":{"start":{"line":19,"column":11},"end":{"line":19,"column":12}},"loc":{"start":{"line":19,"column":18},"end":{"line":19,"column":65}},"line":19},"2":{"name":"(anonymous_2)","decl":{"start":{"line":54,"column":25},"end":{"line":54,"column":26}},"loc":{"start":{"line":54,"column":45},"end":{"line":61,"column":1}},"line":54},"3":{"name":"(anonymous_3)","decl":{"start":{"line":63,"column":26},"end":{"line":63,"column":27}},"loc":{"start":{"line":63,"column":46},"end":{"line":71,"column":1}},"line":63},"4":{"name":"(anonymous_4)","decl":{"start":{"line":73,"column":39},"end":{"line":73,"column":40}},"loc":{"start":{"line":73,"column":59},"end":{"line":88,"column":1}},"line":73},"5":{"name":"(anonymous_5)","decl":{"start":{"line":90,"column":27},"end":{"line":90,"column":28}},"loc":{"start":{"line":90,"column":47},"end":{"line":97,"column":1}},"line":90},"6":{"name":"(anonymous_6)","decl":{"start":{"line":99,"column":28},"end":{"line":99,"column":29}},"loc":{"start":{"line":99,"column":48},"end":{"line":107,"column":1}},"line":99},"7":{"name":"(anonymous_7)","decl":{"start":{"line":109,"column":27},"end":{"line":109,"column":28}},"loc":{"start":{"line":109,"column":47},"end":{"line":116,"column":1}},"line":109},"8":{"name":"(anonymous_8)","decl":{"start":{"line":118,"column":44},"end":{"line":118,"column":45}},"loc":{"start":{"line":118,"column":64},"end":{"line":125,"column":1}},"line":118},"9":{"name":"(anonymous_9)","decl":{"start":{"line":127,"column":28},"end":{"line":127,"column":29}},"loc":{"start":{"line":127,"column":48},"end":{"line":138,"column":1}},"line":127},"10":{"name":"(anonymous_10)","decl":{"start":{"line":140,"column":38},"end":{"line":140,"column":39}},"loc":{"start":{"line":140,"column":58},"end":{"line":151,"column":1}},"line":140},"11":{"name":"seedDatabase","decl":{"start":{"line":154,"column":15},"end":{"line":154,"column":27}},"loc":{"start":{"line":154,"column":30},"end":{"line":167,"column":1}},"line":154},"12":{"name":"(anonymous_12)","decl":{"start":{"line":170,"column":19},"end":{"line":170,"column":20}},"loc":{"start":{"line":170,"column":25},"end":{"line":172,"column":3}},"line":170}},"branchMap":{"0":{"loc":{"start":{"line":6,"column":13},"end":{"line":6,"column":37}},"type":"binary-expr","locations":[{"start":{"line":6,"column":13},"end":{"line":6,"column":29}},{"start":{"line":6,"column":33},"end":{"line":6,"column":37}}],"line":6},"1":{"loc":{"start":{"line":7,"column":18},"end":{"line":7,"column":77}},"type":"binary-expr","locations":[{"start":{"line":7,"column":18},"end":{"line":7,"column":39}},{"start":{"line":7,"column":43},"end":{"line":7,"column":77}}],"line":7},"2":{"loc":{"start":{"line":13,"column":0},"end":{"line":20,"column":1}},"type":"if","locations":[{"start":{"line":13,"column":0},"end":{"line":20,"column":1}},{"start":{},"end":{}}],"line":13},"3":{"loc":{"start":{"line":76,"column":4},"end":{"line":78,"column":5}},"type":"if","locations":[{"start":{"line":76,"column":4},"end":{"line":78,"column":5}},{"start":{},"end":{}}],"line":76},"4":{"loc":{"start":{"line":79,"column":4},"end":{"line":81,"column":5}},"type":"if","locations":[{"start":{"line":79,"column":4},"end":{"line":81,"column":5}},{"start":{},"end":{}}],"line":79},"5":{"loc":{"start":{"line":156,"column":2},"end":{"line":166,"column":3}},"type":"if","locations":[{"start":{"line":156,"column":2},"end":{"line":166,"column":3}},{"start":{},"end":{}}],"line":156},"6":{"loc":{"start":{"line":169,"column":0},"end":{"line":173,"column":1}},"type":"if","locations":[{"start":{"line":169,"column":0},"end":{"line":173,"column":1}},{"start":{},"end":{}}],"line":169}},"s":{"0":1,"1":1,"2":1,"3":1,"4":1,"5":1,"6":1,"7":1,"8":1,"9":0,"10":0,"11":0,"12":0,"13":1,"14":1,"15":1,"16":1,"17":1,"18":1,"19":1,"20":1,"21":1,"22":1,"23":0,"24":1,"25":2,"26":2,"27":2,"28":1,"29":1,"30":1,"31":3,"32":3,"33":3,"34":1,"35":2,"36":1,"37":1,"38":1,"39":1,"40":0,"41":1,"42":1,"43":1,"44":1,"45":0,"46":1,"47":2,"48":2,"49":2,"50":1,"51":1,"52":1,"53":1,"54":1,"55":1,"56":0,"57":1,"58":1,"59":1,"60":1,"61":0,"62":1,"63":2,"64":2,"65":2,"66":1,"67":1,"68":1,"69":1,"70":1,"71":1,"72":0,"73":0,"74":0,"75":0,"76":0,"77":0,"78":1,"79":0,"80":0,"81":1},"f":{"0":0,"1":0,"2":1,"3":2,"4":3,"5":1,"6":2,"7":1,"8":1,"9":2,"10":1,"11":0,"12":0},"b":{"0":[1,1],"1":[1,1],"2":[0,1],"3":[1,2],"4":[1,1],"5":[0,0],"6":[0,1]},"_coverageSchema":"1a1c01bbd47fc00a2c39e90264f33305004495a9","hash":"50123ee49123d1c813cf435c23b38c0598b20dc0"}
}
