TN:
SF:server.js
FN:15,(anonymous_0)
FN:19,(anonymous_1)
FN:54,(anonymous_2)
FN:63,(anonymous_3)
FN:73,(anonymous_4)
FN:90,(anonymous_5)
FN:99,(anonymous_6)
FN:109,(anonymous_7)
FN:118,(anonymous_8)
FN:127,(anonymous_9)
FN:140,(anonymous_10)
FN:154,seedDatabase
FN:170,(anonymous_12)
FNF:13
FNH:9
FNDA:0,(anonymous_0)
FNDA:0,(anonymous_1)
FNDA:1,(anonymous_2)
FNDA:2,(anonymous_3)
FNDA:3,(anonymous_4)
FNDA:1,(anonymous_5)
FNDA:2,(anonymous_6)
FNDA:1,(anonymous_7)
FNDA:1,(anonymous_8)
FNDA:2,(anonymous_9)
FNDA:1,(anonymous_10)
FNDA:0,seedDatabase
FNDA:0,(anonymous_12)
DA:1,1
DA:2,1
DA:3,1
DA:5,1
DA:6,1
DA:7,1
DA:9,1
DA:10,1
DA:13,1
DA:14,0
DA:16,0
DA:17,0
DA:19,0
DA:23,1
DA:33,1
DA:41,1
DA:49,1
DA:50,1
DA:51,1
DA:54,1
DA:55,1
DA:56,1
DA:57,1
DA:59,0
DA:63,1
DA:64,2
DA:65,2
DA:66,2
DA:67,1
DA:69,1
DA:73,1
DA:74,3
DA:75,3
DA:76,3
DA:77,1
DA:79,2
DA:80,1
DA:82,1
DA:83,1
DA:84,1
DA:86,0
DA:90,1
DA:91,1
DA:92,1
DA:93,1
DA:95,0
DA:99,1
DA:100,2
DA:101,2
DA:102,2
DA:103,1
DA:105,1
DA:109,1
DA:110,1
DA:111,1
DA:112,1
DA:114,0
DA:118,1
DA:119,1
DA:120,1
DA:121,1
DA:123,0
DA:127,1
DA:128,2
DA:129,2
DA:133,2
DA:134,1
DA:136,1
DA:140,1
DA:141,1
DA:142,1
DA:147,1
DA:149,0
DA:155,0
DA:156,0
DA:157,0
DA:161,0
DA:165,0
DA:169,1
DA:170,0
DA:171,0
DA:175,1
LF:82
LH:65
BRDA:6,0,0,1
BRDA:6,0,1,1
BRDA:7,1,0,1
BRDA:7,1,1,1
BRDA:13,2,0,0
BRDA:13,2,1,1
BRDA:76,3,0,1
BRDA:76,3,1,2
BRDA:79,4,0,1
BRDA:79,4,1,1
BRDA:156,5,0,0
BRDA:156,5,1,0
BRDA:169,6,0,0
BRDA:169,6,1,1
BRF:14
BRH:10
end_of_record
