{"D:\\Project\\government-service\\server.js": {"path":"D:\\Project\\government-service\\server.js","statementMap":{"0":{"start":{"line":1,"column":16},"end":{"line":1,"column":34}},"1":{"start":{"line":2,"column":17},"end":{"line":2,"column":36}},"2":{"start":{"line":3,"column":13},"end":{"line":3,"column":28}},"3":{"start":{"line":5,"column":12},"end":{"line":5,"column":21}},"4":{"start":{"line":6,"column":13},"end":{"line":6,"column":37}},"5":{"start":{"line":7,"column":18},"end":{"line":7,"column":78}},"6":{"start":{"line":9,"column":0},"end":{"line":9,"column":16}},"7":{"start":{"line":10,"column":0},"end":{"line":10,"column":24}},"8":{"start":{"line":13,"column":0},"end":{"line":20,"column":1}},"9":{"start":{"line":14,"column":2},"end":{"line":19,"column":67}},"10":{"start":{"line":16,"column":6},"end":{"line":16,"column":64}},"11":{"start":{"line":17,"column":6},"end":{"line":17,"column":21}},"12":{"start":{"line":19,"column":18},"end":{"line":19,"column":65}},"13":{"start":{"line":23,"column":22},"end":{"line":29,"column":2}},"14":{"start":{"line":31,"column":20},"end":{"line":37,"column":2}},"15":{"start":{"line":39,"column":27},"end":{"line":46,"column":2}},"16":{"start":{"line":48,"column":25},"end":{"line":53,"column":2}},"17":{"start":{"line":55,"column":16},"end":{"line":55,"column":56}},"18":{"start":{"line":56,"column":14},"end":{"line":56,"column":50}},"19":{"start":{"line":57,"column":21},"end":{"line":57,"column":71}},"20":{"start":{"line":58,"column":19},"end":{"line":58,"column":65}},"21":{"start":{"line":61,"column":0},"end":{"line":68,"column":3}},"22":{"start":{"line":62,"column":2},"end":{"line":67,"column":3}},"23":{"start":{"line":63,"column":22},"end":{"line":63,"column":42}},"24":{"start":{"line":64,"column":4},"end":{"line":64,"column":24}},"25":{"start":{"line":66,"column":4},"end":{"line":66,"column":49}},"26":{"start":{"line":70,"column":0},"end":{"line":78,"column":3}},"27":{"start":{"line":71,"column":2},"end":{"line":77,"column":3}},"28":{"start":{"line":72,"column":20},"end":{"line":72,"column":41}},"29":{"start":{"line":73,"column":4},"end":{"line":73,"column":25}},"30":{"start":{"line":74,"column":4},"end":{"line":74,"column":34}},"31":{"start":{"line":76,"column":4},"end":{"line":76,"column":49}},"32":{"start":{"line":80,"column":0},"end":{"line":87,"column":3}},"33":{"start":{"line":81,"column":2},"end":{"line":86,"column":3}},"34":{"start":{"line":82,"column":19},"end":{"line":82,"column":37}},"35":{"start":{"line":83,"column":4},"end":{"line":83,"column":21}},"36":{"start":{"line":85,"column":4},"end":{"line":85,"column":49}},"37":{"start":{"line":89,"column":0},"end":{"line":97,"column":3}},"38":{"start":{"line":90,"column":2},"end":{"line":96,"column":3}},"39":{"start":{"line":91,"column":18},"end":{"line":91,"column":37}},"40":{"start":{"line":92,"column":4},"end":{"line":92,"column":23}},"41":{"start":{"line":93,"column":4},"end":{"line":93,"column":32}},"42":{"start":{"line":95,"column":4},"end":{"line":95,"column":49}},"43":{"start":{"line":99,"column":0},"end":{"line":106,"column":3}},"44":{"start":{"line":100,"column":2},"end":{"line":105,"column":3}},"45":{"start":{"line":101,"column":19},"end":{"line":101,"column":44}},"46":{"start":{"line":102,"column":4},"end":{"line":102,"column":21}},"47":{"start":{"line":104,"column":4},"end":{"line":104,"column":49}},"48":{"start":{"line":108,"column":0},"end":{"line":116,"column":3}},"49":{"start":{"line":109,"column":2},"end":{"line":115,"column":3}},"50":{"start":{"line":110,"column":18},"end":{"line":110,"column":44}},"51":{"start":{"line":111,"column":4},"end":{"line":111,"column":23}},"52":{"start":{"line":112,"column":4},"end":{"line":112,"column":32}},"53":{"start":{"line":114,"column":4},"end":{"line":114,"column":49}},"54":{"start":{"line":118,"column":0},"end":{"line":125,"column":3}},"55":{"start":{"line":119,"column":2},"end":{"line":124,"column":3}},"56":{"start":{"line":120,"column":24},"end":{"line":120,"column":47}},"57":{"start":{"line":121,"column":4},"end":{"line":121,"column":26}},"58":{"start":{"line":123,"column":4},"end":{"line":123,"column":49}},"59":{"start":{"line":127,"column":0},"end":{"line":135,"column":3}},"60":{"start":{"line":128,"column":2},"end":{"line":134,"column":3}},"61":{"start":{"line":129,"column":16},"end":{"line":129,"column":40}},"62":{"start":{"line":130,"column":4},"end":{"line":130,"column":21}},"63":{"start":{"line":131,"column":4},"end":{"line":131,"column":30}},"64":{"start":{"line":133,"column":4},"end":{"line":133,"column":49}},"65":{"start":{"line":139,"column":23},"end":{"line":139,"column":53}},"66":{"start":{"line":140,"column":2},"end":{"line":157,"column":3}},"67":{"start":{"line":141,"column":4},"end":{"line":144,"column":7}},"68":{"start":{"line":145,"column":4},"end":{"line":148,"column":7}},"69":{"start":{"line":149,"column":4},"end":{"line":152,"column":7}},"70":{"start":{"line":153,"column":4},"end":{"line":155,"column":7}},"71":{"start":{"line":156,"column":4},"end":{"line":156,"column":59}},"72":{"start":{"line":160,"column":0},"end":{"line":164,"column":1}},"73":{"start":{"line":161,"column":2},"end":{"line":163,"column":5}},"74":{"start":{"line":162,"column":4},"end":{"line":162,"column":62}},"75":{"start":{"line":166,"column":0},"end":{"line":166,"column":21}}},"fnMap":{"0":{"name":"(anonymous_0)","decl":{"start":{"line":15,"column":10},"end":{"line":15,"column":11}},"loc":{"start":{"line":15,"column":16},"end":{"line":18,"column":5}},"line":15},"1":{"name":"(anonymous_1)","decl":{"start":{"line":19,"column":11},"end":{"line":19,"column":12}},"loc":{"start":{"line":19,"column":18},"end":{"line":19,"column":65}},"line":19},"2":{"name":"(anonymous_2)","decl":{"start":{"line":61,"column":26},"end":{"line":61,"column":27}},"loc":{"start":{"line":61,"column":46},"end":{"line":68,"column":1}},"line":61},"3":{"name":"(anonymous_3)","decl":{"start":{"line":70,"column":27},"end":{"line":70,"column":28}},"loc":{"start":{"line":70,"column":47},"end":{"line":78,"column":1}},"line":70},"4":{"name":"(anonymous_4)","decl":{"start":{"line":80,"column":23},"end":{"line":80,"column":24}},"loc":{"start":{"line":80,"column":43},"end":{"line":87,"column":1}},"line":80},"5":{"name":"(anonymous_5)","decl":{"start":{"line":89,"column":24},"end":{"line":89,"column":25}},"loc":{"start":{"line":89,"column":44},"end":{"line":97,"column":1}},"line":89},"6":{"name":"(anonymous_6)","decl":{"start":{"line":99,"column":23},"end":{"line":99,"column":24}},"loc":{"start":{"line":99,"column":43},"end":{"line":106,"column":1}},"line":99},"7":{"name":"(anonymous_7)","decl":{"start":{"line":108,"column":24},"end":{"line":108,"column":25}},"loc":{"start":{"line":108,"column":44},"end":{"line":116,"column":1}},"line":108},"8":{"name":"(anonymous_8)","decl":{"start":{"line":118,"column":28},"end":{"line":118,"column":29}},"loc":{"start":{"line":118,"column":48},"end":{"line":125,"column":1}},"line":118},"9":{"name":"(anonymous_9)","decl":{"start":{"line":127,"column":29},"end":{"line":127,"column":30}},"loc":{"start":{"line":127,"column":49},"end":{"line":135,"column":1}},"line":127},"10":{"name":"seedDatabase","decl":{"start":{"line":138,"column":15},"end":{"line":138,"column":27}},"loc":{"start":{"line":138,"column":30},"end":{"line":158,"column":1}},"line":138},"11":{"name":"(anonymous_11)","decl":{"start":{"line":161,"column":19},"end":{"line":161,"column":20}},"loc":{"start":{"line":161,"column":25},"end":{"line":163,"column":3}},"line":161}},"branchMap":{"0":{"loc":{"start":{"line":6,"column":13},"end":{"line":6,"column":37}},"type":"binary-expr","locations":[{"start":{"line":6,"column":13},"end":{"line":6,"column":29}},{"start":{"line":6,"column":33},"end":{"line":6,"column":37}}],"line":6},"1":{"loc":{"start":{"line":7,"column":18},"end":{"line":7,"column":78}},"type":"binary-expr","locations":[{"start":{"line":7,"column":18},"end":{"line":7,"column":39}},{"start":{"line":7,"column":43},"end":{"line":7,"column":78}}],"line":7},"2":{"loc":{"start":{"line":13,"column":0},"end":{"line":20,"column":1}},"type":"if","locations":[{"start":{"line":13,"column":0},"end":{"line":20,"column":1}},{"start":{},"end":{}}],"line":13},"3":{"loc":{"start":{"line":140,"column":2},"end":{"line":157,"column":3}},"type":"if","locations":[{"start":{"line":140,"column":2},"end":{"line":157,"column":3}},{"start":{},"end":{}}],"line":140},"4":{"loc":{"start":{"line":160,"column":0},"end":{"line":164,"column":1}},"type":"if","locations":[{"start":{"line":160,"column":0},"end":{"line":164,"column":1}},{"start":{},"end":{}}],"line":160}},"s":{"0":1,"1":1,"2":1,"3":1,"4":1,"5":1,"6":1,"7":1,"8":1,"9":0,"10":0,"11":0,"12":0,"13":1,"14":1,"15":1,"16":1,"17":1,"18":1,"19":1,"20":1,"21":1,"22":1,"23":1,"24":1,"25":0,"26":1,"27":2,"28":2,"29":2,"30":1,"31":1,"32":1,"33":1,"34":1,"35":1,"36":0,"37":1,"38":2,"39":2,"40":2,"41":1,"42":1,"43":1,"44":1,"45":1,"46":1,"47":0,"48":1,"49":2,"50":2,"51":2,"52":1,"53":1,"54":1,"55":1,"56":1,"57":1,"58":0,"59":1,"60":2,"61":2,"62":2,"63":1,"64":1,"65":0,"66":0,"67":0,"68":0,"69":0,"70":0,"71":0,"72":1,"73":0,"74":0,"75":1},"f":{"0":0,"1":0,"2":1,"3":2,"4":1,"5":2,"6":1,"7":2,"8":1,"9":2,"10":0,"11":0},"b":{"0":[1,1],"1":[1,1],"2":[0,1],"3":[0,0],"4":[0,1]},"_coverageSchema":"1a1c01bbd47fc00a2c39e90264f33305004495a9","hash":"4c7e2d5797c4898a524e306ecc790410638cb53d"}
}
