TN:
SF:server.js
FN:15,(anonymous_0)
FN:19,(anonymous_1)
FN:61,(anonymous_2)
FN:70,(anonymous_3)
FN:80,(anonymous_4)
FN:89,(anonymous_5)
FN:99,(anonymous_6)
FN:108,(anonymous_7)
FN:118,(anonymous_8)
FN:127,(anonymous_9)
FN:138,seedDatabase
FN:161,(anonymous_11)
FNF:12
FNH:8
FNDA:0,(anonymous_0)
FNDA:0,(anonymous_1)
FNDA:1,(anonymous_2)
FNDA:2,(anonymous_3)
FNDA:1,(anonymous_4)
FNDA:2,(anonymous_5)
FNDA:1,(anonymous_6)
FNDA:2,(anonymous_7)
FNDA:1,(anonymous_8)
FNDA:2,(anonymous_9)
FNDA:0,seedDatabase
FNDA:0,(anonymous_11)
DA:1,1
DA:2,1
DA:3,1
DA:5,1
DA:6,1
DA:7,1
DA:9,1
DA:10,1
DA:13,1
DA:14,0
DA:16,0
DA:17,0
DA:19,0
DA:23,1
DA:31,1
DA:39,1
DA:48,1
DA:55,1
DA:56,1
DA:57,1
DA:58,1
DA:61,1
DA:62,1
DA:63,1
DA:64,1
DA:66,0
DA:70,1
DA:71,2
DA:72,2
DA:73,2
DA:74,1
DA:76,1
DA:80,1
DA:81,1
DA:82,1
DA:83,1
DA:85,0
DA:89,1
DA:90,2
DA:91,2
DA:92,2
DA:93,1
DA:95,1
DA:99,1
DA:100,1
DA:101,1
DA:102,1
DA:104,0
DA:108,1
DA:109,2
DA:110,2
DA:111,2
DA:112,1
DA:114,1
DA:118,1
DA:119,1
DA:120,1
DA:121,1
DA:123,0
DA:127,1
DA:128,2
DA:129,2
DA:130,2
DA:131,1
DA:133,1
DA:139,0
DA:140,0
DA:141,0
DA:145,0
DA:149,0
DA:153,0
DA:156,0
DA:160,1
DA:161,0
DA:162,0
DA:166,1
LF:76
LH:59
BRDA:6,0,0,1
BRDA:6,0,1,1
BRDA:7,1,0,1
BRDA:7,1,1,1
BRDA:13,2,0,0
BRDA:13,2,1,1
BRDA:140,3,0,0
BRDA:140,3,1,0
BRDA:160,4,0,0
BRDA:160,4,1,1
BRF:10
BRH:6
end_of_record
